<?xml version="1.0" encoding="UTF-8" ?>
<testsuite failures="0" time="108.598" errors="0" skipped="0" tests="28" name="com.agiletec.plugins.jpversioning.AllTests">
  <properties>
[...]
</properties>
  <testcase time="47.449" classname="com.agiletec.plugins.jpversioning.aps.system.services.versioning.TestVersioningDAO" name="testGetVersions"/>
  <testcase time="7.495" classname="com.agiletec.plugins.jpversioning.aps.system.services.versioning.TestVersioningDAO" name="testGetLastVersions"/>
  <testcase time="3.118" classname="com.agiletec.plugins.jpversioning.aps.system.services.versioning.TestVersioningDAO" name="testGetVersion"/>
  <testcase time="2.512" classname="com.agiletec.plugins.jpversioning.aps.system.services.versioning.TestVersioningDAO" name="testGetLastVersion"/>
  <testcase time="2.576" classname="com.agiletec.plugins.jpversioning.aps.system.services.versioning.TestVersioningDAO" name="testAddGetDeleteVersion"/>
  <testcase time="2.3" classname="com.agiletec.plugins.jpversioning.aps.system.services.versioning.TestVersioningManager" name="testGetVersions"/>
  <testcase time="2.621" classname="com.agiletec.plugins.jpversioning.aps.system.services.versioning.TestVersioningManager" name="testGetLastVersions"/>
  <testcase time="2.344" classname="com.agiletec.plugins.jpversioning.aps.system.services.versioning.TestVersioningManager" name="testGetVersion"/>
  <testcase time="2.777" classname="com.agiletec.plugins.jpversioning.aps.system.services.versioning.TestVersioningManager" name="testGetLastVersion"/>
  <testcase time="2.478" classname="com.agiletec.plugins.jpversioning.aps.system.services.versioning.TestVersioningManager" name="testSaveGetDeleteVersion"/>
  <testcase time="2.284" classname="com.agiletec.plugins.jpversioning.aps.system.services.resource.TestTrashedResourceDAO" name="testGetTrashedResource"/>
  <testcase time="2.449" classname="com.agiletec.plugins.jpversioning.aps.system.services.resource.TestTrashedResourceDAO" name="testAddGetDel_TrashedResource"/>
  <testcase time="2.687" classname="com.agiletec.plugins.jpversioning.aps.system.services.resource.TestTrashedResourceDAO" name="testSearchTrashedResourceIds"/>
  <testcase time="2.375" classname="com.agiletec.plugins.jpversioning.aps.system.services.resource.TestTrashedResourceManager" name="testSearchTrashedResourceIds"/>
  <testcase time="2.689" classname="com.agiletec.plugins.jpversioning.aps.system.services.resource.TestTrashedResourceManager" name="testAdd_Trash_LoadFromTrash_RemoveFromTrash"/>
  <testcase time="2.767" classname="com.agiletec.plugins.jpversioning.aps.system.services.resource.TestTrashedResourceManager" name="testAdd_Trash_RestoreResource_DeleteFromArchive"/>
  <testcase time="6.425" classname="com.agiletec.plugins.jpversioning.apsadmin.resource.TestTrashedResourceAction" name="testInit"/>
  <testcase time="1.455" classname="com.agiletec.plugins.jpversioning.apsadmin.resource.TestTrashedResourceAction" name="testGetTrashedResources"/>
  <testcase time="1.24" classname="com.agiletec.plugins.jpversioning.apsadmin.resource.TestTrashedResourceAction" name="testList"/>
  <testcase time="1.603" classname="com.agiletec.plugins.jpversioning.apsadmin.resource.TestTrashedResourceAction" name="testRemoveFromTrash"/>
  <testcase time="0.912" classname="com.agiletec.plugins.jpversioning.apsadmin.resource.TestTrashedResourceAction" name="testRestoreFromTrash"/>
  <testcase time="1.045" classname="com.agiletec.plugins.jpversioning.apsadmin.versioning.TestVersionFinderAction" name="testList"/>
  <testcase time="0.817" classname="com.agiletec.plugins.jpversioning.apsadmin.versioning.TestVersionFinderAction" name="testSearch"/>
  <testcase time="0.954" classname="com.agiletec.plugins.jpversioning.apsadmin.versioning.TestVersionAction" name="testHistory"/>
  <testcase time="0.888" classname="com.agiletec.plugins.jpversioning.apsadmin.versioning.TestVersionAction" name="testTrash"/>
  <testcase time="0.744" classname="com.agiletec.plugins.jpversioning.apsadmin.versioning.TestVersionAction" name="testDelete"/>
  <testcase time="0.808" classname="com.agiletec.plugins.jpversioning.apsadmin.versioning.TestVersionAction" name="testPreview"/>
  <testcase time="0.786" classname="com.agiletec.plugins.jpversioning.apsadmin.versioning.TestVersionAction" name="testEntryRecover"/>
</testsuite>