<?xml version="1.0" encoding="UTF-8" ?>
<testsuite failures="0" time="93.403" errors="0" skipped="0" tests="23" name="com.agiletec.plugins.jpmail.AllTests">
  <properties>
[...]
</properties>
  <testcase time="46.721" classname="com.agiletec.plugins.jpmail.aps.system.services.mail.util.TestEmailAddressValidator" name="testMail"/>
  <testcase time="7.476" classname="com.agiletec.plugins.jpmail.aps.system.services.mail.parse.TestMailConfigDOM" name="testExtractConfig"/>
  <testcase time="2.937" classname="com.agiletec.plugins.jpmail.aps.system.services.mail.parse.TestMailConfigDOM" name="testUpdateConfig"/>
  <testcase time="2.81" classname="com.agiletec.plugins.jpmail.aps.system.services.mail.TestMailManager" name="testGetConfig"/>
  <testcase time="2.565" classname="com.agiletec.plugins.jpmail.aps.system.services.mail.TestMailManager" name="testSendMail"/>
  <testcase time="2.447" classname="com.agiletec.plugins.jpmail.aps.system.services.mail.TestMailManager" name="testSendMailWithChangedPort"/>
  <testcase time="2.408" classname="com.agiletec.plugins.jpmail.aps.system.services.mail.TestMailManager" name="testSendMailWithContentType"/>
  <testcase time="2.491" classname="com.agiletec.plugins.jpmail.aps.system.services.mail.TestMailManager" name="testSendMailWithAttachment"/>
  <testcase time="2.653" classname="com.agiletec.plugins.jpmail.aps.system.services.mail.TestMailManager" name="testSendMixedMail"/>
  <testcase time="2.363" classname="com.agiletec.plugins.jpmail.aps.system.services.mail.TestMailManager" name="testUpdateConfig"/>
  <testcase time="6.23" classname="com.agiletec.plugins.jpmail.apsadmin.mail.TestSmtpConfigAction" name="testEdit"/>
  <testcase time="2.021" classname="com.agiletec.plugins.jpmail.apsadmin.mail.TestSmtpConfigAction" name="testSaveFailure_1"/>
  <testcase time="1.376" classname="com.agiletec.plugins.jpmail.apsadmin.mail.TestSmtpConfigAction" name="testSaveSuccessful"/>
  <testcase time="1.239" classname="com.agiletec.plugins.jpmail.apsadmin.mail.TestSmtpConfigAction" name="testSaveFailure_2"/>
  <testcase time="1.031" classname="com.agiletec.plugins.jpmail.apsadmin.mail.TestSmtpConfigAction" name="testSaveFailure_3"/>
  <testcase time="0.967" classname="com.agiletec.plugins.jpmail.apsadmin.mail.TestSmtpConfigAction" name="testSaveFailure_4"/>
  <testcase time="0.966" classname="com.agiletec.plugins.jpmail.apsadmin.mail.TestMailSenderConfigAction" name="testNewSender"/>
  <testcase time="0.722" classname="com.agiletec.plugins.jpmail.apsadmin.mail.TestMailSenderConfigAction" name="testViewSenders"/>
  <testcase time="0.746" classname="com.agiletec.plugins.jpmail.apsadmin.mail.TestMailSenderConfigAction" name="testEditSender"/>
  <testcase time="0.927" classname="com.agiletec.plugins.jpmail.apsadmin.mail.TestMailSenderConfigAction" name="testSaveSenderFailure"/>
  <testcase time="0.863" classname="com.agiletec.plugins.jpmail.apsadmin.mail.TestMailSenderConfigAction" name="testSaveSenderSuccessful"/>
  <testcase time="0.895" classname="com.agiletec.plugins.jpmail.apsadmin.mail.TestMailSenderConfigAction" name="testTrashSender"/>
  <testcase time="0.549" classname="com.agiletec.plugins.jpmail.apsadmin.mail.TestMailSenderConfigAction" name="testDeleteSender"/>
</testsuite>