<?xml version="1.0" encoding="UTF-8" ?>
<testsuite failures="0" time="115.532" errors="0" skipped="0" tests="32" name="com.agiletec.plugins.jpcontentworkflow.AllTests">
  <properties>
[...]
</properties>
  <testcase time="49.189" classname="com.agiletec.plugins.jpcontentworkflow.aps.system.services.notifier.parse.TestWorkflowNotifierDOM" name="testSetNotifierConfig"/>
  <testcase time="8.057" classname="com.agiletec.plugins.jpcontentworkflow.aps.system.services.notifier.parse.TestWorkflowNotifierDOM" name="testExtractConfig"/>
  <testcase time="3.699" classname="com.agiletec.plugins.jpcontentworkflow.aps.system.services.notifier.TestWorkflowNotifierDAO" name="testSaveContentEvent"/>
  <testcase time="2.831" classname="com.agiletec.plugins.jpcontentworkflow.aps.system.services.notifier.TestWorkflowNotifierDAO" name="testSignNotifiedEvents"/>
  <testcase time="2.586" classname="com.agiletec.plugins.jpcontentworkflow.aps.system.services.notifier.TestWorkflowNotifierManager" name="testSetNotifierConfig"/>
  <testcase time="2.47" classname="com.agiletec.plugins.jpcontentworkflow.aps.system.services.notifier.TestWorkflowNotifierManager" name="testGetNotifierConfig"/>
  <testcase time="3.587" classname="com.agiletec.plugins.jpcontentworkflow.aps.system.services.notifier.TestWorkflowNotifierManager" name="testSendEMails"/>
  <testcase time="2.916" classname="com.agiletec.plugins.jpcontentworkflow.aps.system.services.content.TestContentSearcherDAO" name="testLoadContentsId"/>
  <testcase time="3.483" classname="com.agiletec.plugins.jpcontentworkflow.aps.system.services.content.TestContentManager" name="testLoadContentsId"/>
  <testcase time="2.69" classname="com.agiletec.plugins.jpcontentworkflow.aps.system.services.workflow.TestContentWorkflowManager" name="testGetWorkflow"/>
  <testcase time="2.658" classname="com.agiletec.plugins.jpcontentworkflow.aps.system.services.workflow.TestContentWorkflowManager" name="testGetRole"/>
  <testcase time="2.622" classname="com.agiletec.plugins.jpcontentworkflow.aps.system.services.workflow.TestContentWorkflowManager" name="testUpdateRole"/>
  <testcase time="2.688" classname="com.agiletec.plugins.jpcontentworkflow.aps.system.services.workflow.TestContentWorkflowManager" name="testGetSteps"/>
  <testcase time="2.723" classname="com.agiletec.plugins.jpcontentworkflow.aps.system.services.workflow.TestContentWorkflowManager" name="testUpdateSteps"/>
  <testcase time="6.772" classname="com.agiletec.plugins.jpcontentworkflow.apsadmin.notifier.TestWorkflowNotifierConfigAction" name="testConfig"/>
  <testcase time="2.039" classname="com.agiletec.plugins.jpcontentworkflow.apsadmin.notifier.TestWorkflowNotifierConfigAction" name="testSaveFailure"/>
  <testcase time="1.958" classname="com.agiletec.plugins.jpcontentworkflow.apsadmin.notifier.TestWorkflowNotifierConfigAction" name="testSave"/>
  <testcase time="1.367" classname="com.agiletec.plugins.jpcontentworkflow.apsadmin.workflow.TestWorkflowListAction" name="testListForAdminUser"/>
  <testcase time="1.901" classname="com.agiletec.plugins.jpcontentworkflow.apsadmin.workflow.TestWorkflowListAction" name="testListForNotAllowedUser"/>
  <testcase time="1.475" classname="com.agiletec.plugins.jpcontentworkflow.apsadmin.workflow.TestWorkflowAction" name="testSave"/>
  <testcase time="0.74" classname="com.agiletec.plugins.jpcontentworkflow.apsadmin.workflow.TestWorkflowAction" name="testEdit"/>
  <testcase time="0.841" classname="com.agiletec.plugins.jpcontentworkflow.apsadmin.workflow.TestWorkflowStepAction" name="testSave"/>
  <testcase time="0.507" classname="com.agiletec.plugins.jpcontentworkflow.apsadmin.workflow.TestWorkflowStepAction" name="testEditSteps"/>
  <testcase time="0.599" classname="com.agiletec.plugins.jpcontentworkflow.apsadmin.workflow.TestWorkflowStepAction" name="testMoveStep"/>
  <testcase time="0.456" classname="com.agiletec.plugins.jpcontentworkflow.apsadmin.workflow.TestWorkflowStepAction" name="testRemoveStep"/>
  <testcase time="0.556" classname="com.agiletec.plugins.jpcontentworkflow.apsadmin.workflow.TestWorkflowStepAction" name="testAddStep"/>
  <testcase time="0.934" classname="com.agiletec.plugins.jpcontentworkflow.apsadmin.content.TestContentAction" name="testPreviousStep"/>
  <testcase time="0.777" classname="com.agiletec.plugins.jpcontentworkflow.apsadmin.content.TestContentAction" name="testNextStep"/>
  <testcase time="0.632" classname="com.agiletec.plugins.jpcontentworkflow.apsadmin.content.TestContentFinderAction" name="testSearch_1"/>
  <testcase time="0.741" classname="com.agiletec.plugins.jpcontentworkflow.apsadmin.content.TestContentFinderAction" name="testSearch_2"/>
  <testcase time="0.461" classname="com.agiletec.plugins.jpcontentworkflow.apsadmin.content.TestIntroNewContentAction" name="testOpenNew"/>
  <testcase time="0.577" classname="com.agiletec.plugins.jpcontentworkflow.apsadmin.content.TestIntroNewContentAction" name="testCreateNewVoid"/>
</testsuite>