<?xml version="1.0" encoding="UTF-8" ?>
<testsuite failures="0" time="117.714" errors="0" skipped="0" tests="33" name="com.agiletec.plugins.jpwebdynamicform.AllTests">
  <properties>
[...]
</properties>
  <testcase time="49.364" classname="com.agiletec.plugins.jpwebdynamicform.aps.system.services.message.renderer.TestBaseMessageRenderer" name="testGetRenderedEntity"/>
  <testcase time="7.13" classname="com.agiletec.plugins.jpwebdynamicform.aps.system.services.message.TestMessageDAO" name="testAddLoadMessage"/>
  <testcase time="3.275" classname="com.agiletec.plugins.jpwebdynamicform.aps.system.services.message.TestMessageDAO" name="testDeleteMessage"/>
  <testcase time="2.979" classname="com.agiletec.plugins.jpwebdynamicform.aps.system.services.message.TestMessageDAO" name="testDeleteUserMessages"/>
  <testcase time="2.507" classname="com.agiletec.plugins.jpwebdynamicform.aps.system.services.message.TestMessageDAO" name="testAddloadAnswer"/>
  <testcase time="2.488" classname="com.agiletec.plugins.jpwebdynamicform.aps.system.services.message.TestMessageSearcherDAO" name="testSearchRecords"/>
  <testcase time="2.545" classname="com.agiletec.plugins.jpwebdynamicform.aps.system.services.message.TestMessageSearcherDAO" name="testSearchId"/>
  <testcase time="2.658" classname="com.agiletec.plugins.jpwebdynamicform.aps.system.services.message.TestMessageSearcherDAO" name="testSearchIdAnswered"/>
  <testcase time="3.473" classname="com.agiletec.plugins.jpwebdynamicform.aps.system.services.message.TestMessageManager" name="testDeleteMessage"/>
  <testcase time="2.584" classname="com.agiletec.plugins.jpwebdynamicform.aps.system.services.message.TestMessageManager" name="testCreateMessageType"/>
  <testcase time="2.745" classname="com.agiletec.plugins.jpwebdynamicform.aps.system.services.message.TestMessageManager" name="testGetSmallMessageTypes"/>
  <testcase time="2.422" classname="com.agiletec.plugins.jpwebdynamicform.aps.system.services.message.TestMessageManager" name="testGetSmallMessageTypesMap"/>
  <testcase time="2.564" classname="com.agiletec.plugins.jpwebdynamicform.aps.system.services.message.TestMessageManager" name="testLoadMessagesId"/>
  <testcase time="2.642" classname="com.agiletec.plugins.jpwebdynamicform.aps.system.services.message.TestMessageManager" name="testAddGetMessage"/>
  <testcase time="2.913" classname="com.agiletec.plugins.jpwebdynamicform.aps.system.services.message.TestMessageManager" name="testAddGetAnswer"/>
  <testcase time="2.7" classname="com.agiletec.plugins.jpwebdynamicform.aps.system.services.message.parse.TestMessageNotifierConfigDOM" name="testExtractCreateConfig"/>
  <testcase time="6.577" classname="com.agiletec.plugins.jpwebdynamicform.aps.internalservlet.message.TestUserNewMessageAction" name="testCreateNew"/>
  <testcase time="1.939" classname="com.agiletec.plugins.jpwebdynamicform.aps.internalservlet.message.TestUserNewMessageAction" name="testSend"/>
  <testcase time="2.215" classname="com.agiletec.plugins.jpwebdynamicform.apsadmin.message.config.TestNotifierConfigAction" name="testAddRemoveAddressFailure"/>
  <testcase time="1.966" classname="com.agiletec.plugins.jpwebdynamicform.apsadmin.message.config.TestNotifierConfigAction" name="testList"/>
  <testcase time="1.588" classname="com.agiletec.plugins.jpwebdynamicform.apsadmin.message.config.TestNotifierConfigAction" name="testEdit"/>
  <testcase time="1.322" classname="com.agiletec.plugins.jpwebdynamicform.apsadmin.message.config.TestNotifierConfigAction" name="testAddAddress"/>
  <testcase time="0.99" classname="com.agiletec.plugins.jpwebdynamicform.apsadmin.message.config.TestNotifierConfigAction" name="testRemoveAddress"/>
  <testcase time="1.078" classname="com.agiletec.plugins.jpwebdynamicform.apsadmin.message.config.TestNotifierConfigAction" name="testSaveFailure"/>
  <testcase time="0.879" classname="com.agiletec.plugins.jpwebdynamicform.apsadmin.message.config.TestNotifierConfigAction" name="testSave"/>
  <testcase time="0.738" classname="com.agiletec.plugins.jpwebdynamicform.apsadmin.message.TestMessageFinderAction" name="testList"/>
  <testcase time="0.722" classname="com.agiletec.plugins.jpwebdynamicform.apsadmin.message.TestMessageFinderAction" name="testSearch"/>
  <testcase time="0.467" classname="com.agiletec.plugins.jpwebdynamicform.apsadmin.message.TestOperatorMessageAction" name="testView"/>
  <testcase time="0.411" classname="com.agiletec.plugins.jpwebdynamicform.apsadmin.message.TestOperatorMessageAction" name="testNewAnswer"/>
  <testcase time="0.466" classname="com.agiletec.plugins.jpwebdynamicform.apsadmin.message.TestOperatorMessageAction" name="testSendAnswerFailure"/>
  <testcase time="0.511" classname="com.agiletec.plugins.jpwebdynamicform.apsadmin.message.TestOperatorMessageAction" name="testSendAnswer"/>
  <testcase time="0.444" classname="com.agiletec.plugins.jpwebdynamicform.apsadmin.message.TestOperatorMessageAction" name="testTrash"/>
  <testcase time="0.412" classname="com.agiletec.plugins.jpwebdynamicform.apsadmin.message.TestOperatorMessageAction" name="testDelete"/>
</testsuite>