<?xml version="1.0" encoding="UTF-8" ?>
<testsuite failures="0" time="127.636" errors="0" skipped="0" tests="26" name="com.agiletec.plugins.jpstats.AllTests">
  <properties>
[...]
</properties>
  <testcase time="49.083" classname="com.agiletec.plugins.jpstats.aps.system.services.stats.TestStatsDao" name="testGetHitsByInterval"/>
  <testcase time="8.427" classname="com.agiletec.plugins.jpstats.aps.system.services.stats.TestStatsDao" name="testAddStatsRecord"/>
  <testcase time="3.621" classname="com.agiletec.plugins.jpstats.aps.system.services.stats.TestStatsDao" name="testGetAverageTimeSite"/>
  <testcase time="2.988" classname="com.agiletec.plugins.jpstats.aps.system.services.stats.TestStatsDao" name="testGetAverageTimePage"/>
  <testcase time="2.316" classname="com.agiletec.plugins.jpstats.aps.system.services.stats.TestStatsDao" name="testGetNumPageSession"/>
  <testcase time="2.351" classname="com.agiletec.plugins.jpstats.aps.system.services.stats.TestStatsDao" name="testGetPageVisitedDesc"/>
  <testcase time="2.459" classname="com.agiletec.plugins.jpstats.aps.system.services.stats.TestStatsDao" name="testGetTopContents"/>
  <testcase time="2.379" classname="com.agiletec.plugins.jpstats.aps.system.services.stats.TestStatsDao" name="testGetFirstCalendarDay"/>
  <testcase time="2.257" classname="com.agiletec.plugins.jpstats.aps.system.services.stats.TestStatsDao" name="testGetIPByDateInterval"/>
  <testcase time="2.511" classname="com.agiletec.plugins.jpstats.aps.system.services.stats.TestStatsManager" name="testGetHitsByInterval"/>
  <testcase time="2.644" classname="com.agiletec.plugins.jpstats.aps.system.services.stats.TestStatsManager" name="testAddStatsRecord"/>
  <testcase time="2.321" classname="com.agiletec.plugins.jpstats.aps.system.services.stats.TestStatsManager" name="testGetAverageTimeSite"/>
  <testcase time="2.335" classname="com.agiletec.plugins.jpstats.aps.system.services.stats.TestStatsManager" name="testGetAverageTimePage"/>
  <testcase time="2.491" classname="com.agiletec.plugins.jpstats.aps.system.services.stats.TestStatsManager" name="testGetNumPageSession"/>
  <testcase time="2.643" classname="com.agiletec.plugins.jpstats.aps.system.services.stats.TestStatsManager" name="testGetTopContents"/>
  <testcase time="2.599" classname="com.agiletec.plugins.jpstats.aps.system.services.stats.TestStatsManager" name="testGetPageVisitedAsc"/>
  <testcase time="2.535" classname="com.agiletec.plugins.jpstats.aps.system.services.stats.TestStatsManager" name="testCountIPByDateInterval"/>
  <testcase time="2.602" classname="com.agiletec.plugins.jpstats.aps.system.services.stats.TestStatsManager" name="testGetFirsrCalendarDay"/>
  <testcase time="2.643" classname="com.agiletec.plugins.jpstats.aps.system.services.controller.control.TestStatsMonitor" name="testServiceFailure"/>
  <testcase time="2.731" classname="com.agiletec.plugins.jpstats.aps.system.services.controller.control.TestStatsMonitor" name="testInit"/>
  <testcase time="2.701" classname="com.agiletec.plugins.jpstats.aps.system.services.controller.control.TestStatsMonitor" name="testService"/>
  <testcase time="6.601" classname="com.agiletec.plugins.jpstats.apsadmin.TestStatisticsAction" name="testPerformFirstView"/>
  <testcase time="2.848" classname="com.agiletec.plugins.jpstats.apsadmin.TestStatisticsAction" name="testPerformWithDataView"/>
  <testcase time="1.966" classname="com.agiletec.plugins.jpstats.apsadmin.TestStatisticsAction" name="testPerformErrorFormatDatesView"/>
  <testcase time="2.776" classname="com.agiletec.plugins.jpstats.apsadmin.TestStatisticsAction" name="testPerformErrorDatesOrderView"/>
  <testcase time="6.808" classname="com.agiletec.plugins.jpstats.aps.util.TestCalendarConverter" name="testGetCalendarDay"/>
</testsuite>