<?xml version="1.0" encoding="UTF-8" ?>
<testsuite failures="0" time="83.432" errors="0" skipped="0" tests="27" name="com.agiletec.plugins.jpuserreg.AllTests">
  <properties>
[...]
</properties>
  <testcase time="52.482" classname="com.agiletec.plugins.jpuserreg.aps.system.services.userreg.TestUserRegDAO" name="testRemoveConsumedToken"/>
  <testcase time="2.749" classname="com.agiletec.plugins.jpuserreg.aps.system.services.userreg.TestUserRegDAO" name="testAddReactivationToken_ClearOldAccountRequests_GetUsernameFromToken"/>
  <testcase time="3.319" classname="com.agiletec.plugins.jpuserreg.aps.system.services.userreg.TestUserRegDAO" name="testAddActivationToken_ClearOldAccountRequests_GetUsernameFromToken"/>
  <testcase time="1.675" classname="com.agiletec.plugins.jpuserreg.aps.system.services.userreg.TestUserRegDAO" name="testClearTokenByUsername"/>
  <testcase time="1.791" classname="com.agiletec.plugins.jpuserreg.aps.system.services.userreg.TestUserRegManager" name="testRegAccount"/>
  <testcase time="1.728" classname="com.agiletec.plugins.jpuserreg.aps.system.services.userreg.TestUserRegManager" name="testActivateUser"/>
  <testcase time="1.109" classname="com.agiletec.plugins.jpuserreg.aps.system.services.userreg.TestUserRegManager" name="testReactivateUser"/>
  <testcase time="1.059" classname="com.agiletec.plugins.jpuserreg.aps.system.services.userreg.TestUserRegManager" name="testDeactivateUser"/>
  <testcase time="0.917" classname="com.agiletec.plugins.jpuserreg.aps.system.services.userreg.TestUserRegManager" name="testGetUsernameFromToken"/>
  <testcase time="1.043" classname="com.agiletec.plugins.jpuserreg.aps.system.services.userreg.TestUserRegManager" name="testReactivationByEmail"/>
  <testcase time="1.003" classname="com.agiletec.plugins.jpuserreg.aps.system.services.userreg.TestUserRegManager" name="testReactivationByUserName"/>
  <testcase time="1.268" classname="com.agiletec.plugins.jpuserreg.aps.internalservlet.registration.TestUserRegistrationAction" name="testRegister"/>
  <testcase time="1.014" classname="com.agiletec.plugins.jpuserreg.aps.internalservlet.registration.TestUserRegistrationAction" name="testInitRegistration"/>
  <testcase time="1.499" classname="com.agiletec.plugins.jpuserreg.aps.internalservlet.registration.TestUserRegistrationAction" name="testRegister_Requiredfields"/>
  <testcase time="1.159" classname="com.agiletec.plugins.jpuserreg.aps.internalservlet.registration.TestUserRegistrationAction" name="testSaveRegistration_UserAlreadyPresent"/>
  <testcase time="1.377" classname="com.agiletec.plugins.jpuserreg.aps.internalservlet.registration.TestUserRegistrationAction" name="testSaveRegistration_EmailAlreadyPresent"/>
  <testcase time="0.619" classname="com.agiletec.plugins.jpuserreg.aps.internalservlet.activation.TestUserActivationAction" name="testInitActivation_ErrorWithoutToken"/>
  <testcase time="0.921" classname="com.agiletec.plugins.jpuserreg.aps.internalservlet.activation.TestUserActivationAction" name="testActivate"/>
  <testcase time="0.768" classname="com.agiletec.plugins.jpuserreg.aps.internalservlet.activation.TestUserActivationAction" name="testActivateWithFakeToken"/>
  <testcase time="0.779" classname="com.agiletec.plugins.jpuserreg.aps.internalservlet.activation.TestUserActivationAction" name="testInitReactivation_ErrorWithoutOrFakeToken"/>
  <testcase time="0.885" classname="com.agiletec.plugins.jpuserreg.aps.internalservlet.activation.TestUserActivationAction" name="testReactivate"/>
  <testcase time="1.249" classname="com.agiletec.plugins.jpuserreg.aps.internalservlet.recover.TestUserRecoverAction" name="testRecoverFromUsername_RecoverFromEmail"/>
  <testcase time="0.729" classname="com.agiletec.plugins.jpuserreg.aps.internalservlet.suspension.TestUserSuspensionAction" name="testInitSuspend_RedirectWithoutUserOnSession"/>
  <testcase time="0.803" classname="com.agiletec.plugins.jpuserreg.aps.internalservlet.suspension.TestUserSuspensionAction" name="testInitSuspend_RedirectToErrorPageForAdministrators"/>
  <testcase time="0.543" classname="com.agiletec.plugins.jpuserreg.aps.internalservlet.suspension.TestUserSuspensionAction" name="testSuspend_NoRequiredPassword"/>
  <testcase time="0.456" classname="com.agiletec.plugins.jpuserreg.aps.internalservlet.suspension.TestUserSuspensionAction" name="testSuspend_WrongPassword"/>
  <testcase time="0.488" classname="com.agiletec.plugins.jpuserreg.aps.internalservlet.suspension.TestUserSuspensionAction" name="testSuspend"/>
</testsuite>