<?xml version="1.0" encoding="UTF-8" ?>
<testsuite failures="0" time="84.487" errors="0" skipped="0" tests="14" name="com.agiletec.plugins.jprssaggregator.AllTests">
  <properties>
[...]
</properties>
  <testcase time="49.851" classname="com.agiletec.plugins.jprssaggregator.aps.system.services.aggregator.TestAggregatorManager" name="testAddItem"/>
  <testcase time="6.376" classname="com.agiletec.plugins.jprssaggregator.aps.system.services.aggregator.TestAggregatorManager" name="testGetItem"/>
  <testcase time="3.303" classname="com.agiletec.plugins.jprssaggregator.aps.system.services.aggregator.TestAggregatorManager" name="testInit"/>
  <testcase time="3.281" classname="com.agiletec.plugins.jprssaggregator.aps.system.services.aggregator.TestAggregatorManager" name="testGetItems"/>
  <testcase time="2.503" classname="com.agiletec.plugins.jprssaggregator.aps.system.services.aggregator.TestAggregatorManager" name="testDeleteItem"/>
  <testcase time="2.481" classname="com.agiletec.plugins.jprssaggregator.aps.system.services.aggregator.TestAggregatorManager" name="testUpdateItem"/>
  <testcase time="2.62" classname="com.agiletec.plugins.jprssaggregator.aps.system.services.converter.TestRssConverterManager" name="testLoadConfig"/>
  <testcase time="6.279" classname="com.agiletec.plugins.jprssaggregator.apsadmin.aggregator.TestAggregatorAction" name="testListAction"/>
  <testcase time="1.571" classname="com.agiletec.plugins.jprssaggregator.apsadmin.aggregator.TestAggregatorAction" name="testNewAction"/>
  <testcase time="1.489" classname="com.agiletec.plugins.jprssaggregator.apsadmin.aggregator.TestAggregatorAction" name="testSaveNewErrorsAction"/>
  <testcase time="1.629" classname="com.agiletec.plugins.jprssaggregator.apsadmin.aggregator.TestAggregatorAction" name="testSaveNewWithDuplicate"/>
  <testcase time="1.151" classname="com.agiletec.plugins.jprssaggregator.apsadmin.aggregator.TestAggregatorAction" name="testEditAction"/>
  <testcase time="1.128" classname="com.agiletec.plugins.jprssaggregator.apsadmin.aggregator.TestAggregatorAction" name="testDeleteAction"/>
  <testcase time="0.825" classname="com.agiletec.plugins.jprssaggregator.apsadmin.aggregator.TestAggregatorAction" name="testDoDeleteAction"/>
</testsuite>