<?xml version="1.0" encoding="UTF-8" ?>
<testsuite failures="0" time="104.06" errors="0" skipped="0" tests="23" name="com.agiletec.plugins.jpnewsletter.AllTests">
  <properties>
[...]
</properties>
  <testcase time="50.022" classname="com.agiletec.plugins.jpnewsletter.aps.system.services.newsletter.parse.TestNewsletterConfigDOM" name="testExtractConfig"/>
  <testcase time="8.413" classname="com.agiletec.plugins.jpnewsletter.aps.system.services.newsletter.parse.TestNewsletterConfigDOM" name="testUpdateConfig"/>
  <testcase time="3.43" classname="com.agiletec.plugins.jpnewsletter.aps.system.services.newsletter.TestNewsletterDAO" name="testAddLoadDeleteCleanContentQueue"/>
  <testcase time="3.076" classname="com.agiletec.plugins.jpnewsletter.aps.system.services.newsletter.TestNewsletterDAO" name="testAddNewsletterReport"/>
  <testcase time="2.618" classname="com.agiletec.plugins.jpnewsletter.aps.system.services.newsletter.TestNewsletterManager" name="testGetUpdateNewsletterConfig"/>
  <testcase time="2.59" classname="com.agiletec.plugins.jpnewsletter.aps.system.services.newsletter.TestNewsletterManager" name="testGetContentReport"/>
  <testcase time="2.7" classname="com.agiletec.plugins.jpnewsletter.aps.system.services.newsletter.TestNewsletterManager" name="testLoadNewsletterContentIds"/>
  <testcase time="2.517" classname="com.agiletec.plugins.jpnewsletter.aps.system.services.newsletter.TestNewsletterManager" name="testLoadAllNewsletterContentIds"/>
  <testcase time="3.076" classname="com.agiletec.plugins.jpnewsletter.aps.system.services.newsletter.TestNewsletterManager" name="testBuildMailBody"/>
  <testcase time="3.561" classname="com.agiletec.plugins.jpnewsletter.aps.system.services.newsletter.TestNewsletterManager" name="testSendNewsletters"/>
  <testcase time="2.845" classname="com.agiletec.plugins.jpnewsletter.aps.system.services.newsletter.TestNewsletterManager" name="testAddSubscriber"/>
  <testcase time="3.489" classname="com.agiletec.plugins.jpnewsletter.aps.system.services.newsletter.TestNewsletterManager" name="testActivateSubscriber"/>
  <testcase time="6.168" classname="com.agiletec.plugins.jpnewsletter.apsadmin.newsletter.TestNewsletterFinderAction" name="testList"/>
  <testcase time="1.761" classname="com.agiletec.plugins.jpnewsletter.apsadmin.newsletter.TestNewsletterFinderAction" name="testAddRemoveFromQueue"/>
  <testcase time="1.446" classname="com.agiletec.plugins.jpnewsletter.apsadmin.newsletter.TestNewsletterAction" name="testEntry"/>
  <testcase time="1.009" classname="com.agiletec.plugins.jpnewsletter.apsadmin.newsletter.queue.TestNewsletterQueueAction" name="testList"/>
  <testcase time="1.008" classname="com.agiletec.plugins.jpnewsletter.apsadmin.newsletter.queue.TestNewsletterQueueAction" name="testSend"/>
  <testcase time="0.691" classname="com.agiletec.plugins.jpnewsletter.apsadmin.newsletter.queue.TestNewsletterQueueAction" name="testRemoveFromQueue"/>
  <testcase time="0.976" classname="com.agiletec.plugins.jpnewsletter.aps.internalservlet.subscriber.TestRegSubscriberAction" name="testAddSubscription"/>
  <testcase time="0.854" classname="com.agiletec.plugins.jpnewsletter.aps.internalservlet.subscriber.TestRegSubscriberAction" name="testActivateSubscription"/>
  <testcase time="0.804" classname="com.agiletec.plugins.jpnewsletter.aps.internalservlet.subscriber.TestRegSubscriberAction" name="testIsDuplicated"/>
  <testcase time="0.493" classname="com.agiletec.plugins.jpnewsletter.apsadmin.subscriber.TestSubscribersAction" name="testDeleteSubscriber"/>
  <testcase time="0.513" classname="com.agiletec.plugins.jpnewsletter.apsadmin.subscriber.TestSubscribersFinderAction" name="testGetSubscribers"/>
</testsuite>